
2월 19, 2019 17:29:46.77 NEW SESSION
2월 19, 2019 17:29:46.77 [4704:4200:0219/172946.760:ERROR:browser_process_sub_thread.cc(209)] Waited 165 ms for network service
2월 19, 2019 17:32:21.53 [5844:4236:0219/173221.537:ERROR:browser_process_sub_thread.cc(209)] Waited 244 ms for network service

2월 20, 2019 10:31:57.23 NEW SESSION
2월 20, 2019 10:31:57.23 [3792:4840:0220/103157.231:ERROR:browser_process_sub_thread.cc(209)] Waited 78 ms for network service
2월 20, 2019 10:46:21.38 [2640:5884:0220/104621.382:ERROR:browser_process_sub_thread.cc(209)] Waited 80 ms for network service
2월 20, 2019 16:09:52.17 [6760:6408:0220/160952.172:ERROR:browser_process_sub_thread.cc(209)] Waited 200 ms for network service
2월 20, 2019 17:01:20.26 [5304:2716:0220/170120.268:ERROR:browser_process_sub_thread.cc(209)] Waited 112 ms for network service
2월 20, 2019 17:01:54.42 [5848:4296:0220/170154.426:ERROR:browser_process_sub_thread.cc(209)] Waited 96 ms for network service

2월 20, 2019 17:11:46.02 NEW SESSION
2월 20, 2019 17:11:46.02 [1576:6976:0220/171146.020:ERROR:appcache_update_url_loader_request.cc(138)] NOT IMPLEMENTED
2월 20, 2019 17:11:46.02 [1576:6976:0220/171146.020:ERROR:appcache_update_url_loader_request.cc(138)] NOT IMPLEMENTED
2월 20, 2019 17:11:46.21 [1576:6976:0220/171146.213:ERROR:appcache_update_url_loader_request.cc(138)] NOT IMPLEMENTED
2월 20, 2019 17:11:46.64 [1576:6976:0220/171146.648:ERROR:appcache_update_url_loader_request.cc(138)] NOT IMPLEMENTED
2월 20, 2019 17:11:46.67 [1576:6976:0220/171146.675:ERROR:appcache_update_url_loader_request.cc(138)] NOT IMPLEMENTED
2월 20, 2019 17:11:46.67 [1576:6976:0220/171146.676:ERROR:appcache_update_url_loader_request.cc(138)] NOT IMPLEMENTED
2월 20, 2019 17:11:46.86 [1576:6976:0220/171146.867:ERROR:appcache_update_url_loader_request.cc(138)] NOT IMPLEMENTED
2월 20, 2019 17:11:46.91 [1576:6976:0220/171146.909:ERROR:appcache_update_url_loader_request.cc(138)] NOT IMPLEMENTED
2월 20, 2019 17:11:47.09 [1576:6976:0220/171147.093:ERROR:appcache_update_url_loader_request.cc(138)] NOT IMPLEMENTED
2월 20, 2019 17:11:47.09 [1576:6976:0220/171147.094:ERROR:appcache_update_url_loader_request.cc(138)] NOT IMPLEMENTED
2월 20, 2019 17:11:47.12 [1576:6976:0220/171147.124:ERROR:appcache_update_url_loader_request.cc(138)] NOT IMPLEMENTED
2월 20, 2019 17:11:47.29 [1576:6976:0220/171147.297:ERROR:appcache_update_url_loader_request.cc(138)] NOT IMPLEMENTED
2월 20, 2019 17:11:47.29 [1576:6976:0220/171147.297:ERROR:appcache_update_url_loader_request.cc(138)] NOT IMPLEMENTED
2월 20, 2019 17:11:47.29 [1576:6976:0220/171147.297:ERROR:appcache_update_url_loader_request.cc(138)] NOT IMPLEMENTED
2월 20, 2019 17:11:47.33 [1576:6976:0220/171147.337:ERROR:appcache_update_url_loader_request.cc(138)] NOT IMPLEMENTED
2월 20, 2019 17:11:47.33 [1576:6976:0220/171147.338:ERROR:appcache_update_url_loader_request.cc(138)] NOT IMPLEMENTED
2월 20, 2019 17:11:47.50 [1576:6976:0220/171147.505:ERROR:appcache_update_url_loader_request.cc(138)] NOT IMPLEMENTED
2월 20, 2019 17:11:47.50 [1576:6976:0220/171147.506:ERROR:appcache_update_url_loader_request.cc(138)] NOT IMPLEMENTED
2월 20, 2019 17:11:47.50 [1576:6976:0220/171147.506:ERROR:appcache_update_url_loader_request.cc(138)] NOT IMPLEMENTED
2월 20, 2019 17:11:47.50 [1576:6976:0220/171147.507:ERROR:appcache_update_url_loader_request.cc(138)] NOT IMPLEMENTED
2월 20, 2019 17:11:47.54 [1576:6976:0220/171147.546:ERROR:appcache_update_url_loader_request.cc(138)] NOT IMPLEMENTED
2월 20, 2019 17:11:47.54 [1576:6976:0220/171147.546:ERROR:appcache_update_url_loader_request.cc(138)] NOT IMPLEMENTED
2월 20, 2019 17:11:47.54 [1576:6976:0220/171147.546:ERROR:appcache_update_url_loader_request.cc(138)] NOT IMPLEMENTED
2월 20, 2019 17:11:47.54 [1576:6976:0220/171147.546:ERROR:appcache_update_url_loader_request.cc(138)] NOT IMPLEMENTED
2월 20, 2019 17:11:47.55 [1576:6976:0220/171147.547:ERROR:appcache_update_url_loader_request.cc(138)] NOT IMPLEMENTED
2월 20, 2019 17:11:47.71 [1576:6976:0220/171147.711:ERROR:appcache_update_url_loader_request.cc(138)] NOT IMPLEMENTED
2월 20, 2019 17:11:47.71 [1576:6976:0220/171147.711:ERROR:appcache_update_url_loader_request.cc(138)] NOT IMPLEMENTED
2월 20, 2019 17:11:47.71 [1576:6976:0220/171147.712:ERROR:appcache_update_url_loader_request.cc(138)] NOT IMPLEMENTED
2월 20, 2019 17:11:47.72 [1576:6976:0220/171147.713:ERROR:appcache_update_url_loader_request.cc(138)] NOT IMPLEMENTED
2월 20, 2019 17:11:47.74 [1576:6976:0220/171147.742:ERROR:appcache_update_url_loader_request.cc(138)] NOT IMPLEMENTED
2월 20, 2019 17:11:47.75 [1576:6976:0220/171147.755:ERROR:appcache_update_url_loader_request.cc(138)] NOT IMPLEMENTED
2월 20, 2019 17:11:47.75 [1576:6976:0220/171147.755:ERROR:appcache_update_url_loader_request.cc(138)] NOT IMPLEMENTED
2월 20, 2019 17:11:47.75 [1576:6976:0220/171147.755:ERROR:appcache_update_url_loader_request.cc(138)] NOT IMPLEMENTED
2월 20, 2019 17:11:47.91 [1576:6976:0220/171147.916:ERROR:appcache_update_url_loader_request.cc(138)] NOT IMPLEMENTED
2월 20, 2019 17:11:47.92 [1576:6976:0220/171147.917:ERROR:appcache_update_url_loader_request.cc(138)] NOT IMPLEMENTED
2월 20, 2019 17:11:47.92 [1576:6976:0220/171147.917:ERROR:appcache_update_url_loader_request.cc(138)] NOT IMPLEMENTED
2월 20, 2019 17:11:47.92 [1576:6976:0220/171147.918:ERROR:appcache_update_url_loader_request.cc(138)] NOT IMPLEMENTED
2월 20, 2019 17:11:48.14 [1576:6976:0220/171148.148:ERROR:appcache_update_url_loader_request.cc(138)] NOT IMPLEMENTED
2월 20, 2019 17:11:48.15 [1576:6976:0220/171148.148:ERROR:appcache_update_url_loader_request.cc(138)] NOT IMPLEMENTED
2월 20, 2019 17:11:48.90 [1576:6976:0220/171148.903:ERROR:appcache_update_url_loader_request.cc(138)] NOT IMPLEMENTED
2월 20, 2019 17:11:48.90 [1576:6976:0220/171148.904:ERROR:appcache_update_url_loader_request.cc(138)] NOT IMPLEMENTED
2월 20, 2019 17:11:48.90 [1576:6976:0220/171148.904:ERROR:appcache_update_url_loader_request.cc(138)] NOT IMPLEMENTED
2월 20, 2019 17:11:48.90 [1576:6976:0220/171148.904:ERROR:appcache_update_url_loader_request.cc(138)] NOT IMPLEMENTED
2월 20, 2019 17:11:48.90 [1576:6976:0220/171148.904:ERROR:appcache_update_url_loader_request.cc(138)] NOT IMPLEMENTED
2월 20, 2019 17:11:48.90 [1576:6976:0220/171148.905:ERROR:appcache_update_url_loader_request.cc(138)] NOT IMPLEMENTED
2월 20, 2019 17:11:48.90 [1576:6976:0220/171148.905:ERROR:appcache_update_url_loader_request.cc(138)] NOT IMPLEMENTED
2월 20, 2019 17:11:48.91 [1576:6976:0220/171148.905:ERROR:appcache_update_url_loader_request.cc(138)] NOT IMPLEMENTED
2월 20, 2019 17:11:48.91 [1576:6976:0220/171148.905:ERROR:appcache_update_url_loader_request.cc(138)] NOT IMPLEMENTED
2월 20, 2019 17:11:48.91 [1576:6976:0220/171148.906:ERROR:appcache_update_url_loader_request.cc(138)] NOT IMPLEMENTED
2월 20, 2019 17:11:48.91 [1576:6976:0220/171148.906:ERROR:appcache_update_url_loader_request.cc(138)] NOT IMPLEMENTED
2월 20, 2019 17:11:48.91 [1576:6976:0220/171148.906:ERROR:appcache_update_url_loader_request.cc(138)] NOT IMPLEMENTED
2월 20, 2019 17:11:48.91 [1576:6976:0220/171148.906:ERROR:appcache_update_url_loader_request.cc(138)] NOT IMPLEMENTED
2월 20, 2019 17:11:48.91 [1576:6976:0220/171148.906:ERROR:appcache_update_url_loader_request.cc(138)] NOT IMPLEMENTED
2월 20, 2019 17:11:48.91 [1576:6976:0220/171148.907:ERROR:appcache_update_url_loader_request.cc(138)] NOT IMPLEMENTED
2월 20, 2019 17:11:48.91 [1576:6976:0220/171148.907:ERROR:appcache_update_url_loader_request.cc(138)] NOT IMPLEMENTED
2월 20, 2019 17:11:48.91 [1576:6976:0220/171148.907:ERROR:appcache_update_url_loader_request.cc(138)] NOT IMPLEMENTED
2월 20, 2019 17:11:48.91 [1576:6976:0220/171148.907:ERROR:appcache_update_url_loader_request.cc(138)] NOT IMPLEMENTED
2월 20, 2019 17:11:48.92 [1576:6976:0220/171148.907:ERROR:appcache_update_url_loader_request.cc(138)] NOT IMPLEMENTED
2월 20, 2019 17:11:48.92 [1576:6976:0220/171148.908:ERROR:appcache_update_url_loader_request.cc(138)] NOT IMPLEMENTED
2월 20, 2019 17:11:48.92 [1576:6976:0220/171148.908:ERROR:appcache_update_url_loader_request.cc(138)] NOT IMPLEMENTED
2월 20, 2019 17:11:48.92 [1576:6976:0220/171148.908:ERROR:appcache_update_url_loader_request.cc(138)] NOT IMPLEMENTED
2월 20, 2019 17:11:48.92 [1576:6976:0220/171148.908:ERROR:appcache_update_url_loader_request.cc(138)] NOT IMPLEMENTED
2월 20, 2019 17:11:48.92 [1576:6976:0220/171148.908:ERROR:appcache_update_url_loader_request.cc(138)] NOT IMPLEMENTED
2월 20, 2019 17:11:48.92 [1576:6976:0220/171148.909:ERROR:appcache_update_url_loader_request.cc(138)] NOT IMPLEMENTED
2월 20, 2019 17:11:48.92 [1576:6976:0220/171148.909:ERROR:appcache_update_url_loader_request.cc(138)] NOT IMPLEMENTED
2월 20, 2019 17:11:48.92 [1576:6976:0220/171148.910:ERROR:appcache_update_url_loader_request.cc(138)] NOT IMPLEMENTED
2월 20, 2019 17:11:48.92 [1576:6976:0220/171148.910:ERROR:appcache_update_url_loader_request.cc(138)] NOT IMPLEMENTED
2월 20, 2019 17:11:48.92 [1576:6976:0220/171148.910:ERROR:appcache_update_url_loader_request.cc(138)] NOT IMPLEMENTED
2월 20, 2019 17:11:48.92 [1576:6976:0220/171148.910:ERROR:appcache_update_url_loader_request.cc(138)] NOT IMPLEMENTED
2월 20, 2019 17:11:48.93 [1576:6976:0220/171148.911:ERROR:appcache_update_url_loader_request.cc(138)] NOT IMPLEMENTED
2월 20, 2019 17:11:48.93 [1576:6976:0220/171148.911:ERROR:appcache_update_url_loader_request.cc(138)] NOT IMPLEMENTED
2월 20, 2019 17:11:48.93 [1576:6976:0220/171148.911:ERROR:appcache_update_url_loader_request.cc(138)] NOT IMPLEMENTED
2월 20, 2019 17:11:48.93 [1576:6976:0220/171148.911:ERROR:appcache_update_url_loader_request.cc(138)] NOT IMPLEMENTED
2월 20, 2019 17:11:48.93 [1576:6976:0220/171148.911:ERROR:appcache_update_url_loader_request.cc(138)] NOT IMPLEMENTED
2월 20, 2019 17:11:48.93 [1576:6976:0220/171148.911:ERROR:appcache_update_url_loader_request.cc(138)] NOT IMPLEMENTED
2월 20, 2019 17:11:48.93 [1576:6976:0220/171148.912:ERROR:appcache_update_url_loader_request.cc(138)] NOT IMPLEMENTED
2월 20, 2019 17:11:48.93 [1576:6976:0220/171148.912:ERROR:appcache_update_url_loader_request.cc(138)] NOT IMPLEMENTED
2월 20, 2019 17:11:48.93 [1576:6976:0220/171148.912:ERROR:appcache_update_url_loader_request.cc(138)] NOT IMPLEMENTED
2월 20, 2019 17:11:48.93 [1576:6976:0220/171148.912:ERROR:appcache_update_url_loader_request.cc(138)] NOT IMPLEMENTED
2월 20, 2019 17:11:48.93 [1576:6976:0220/171148.912:ERROR:appcache_update_url_loader_request.cc(138)] NOT IMPLEMENTED
2월 20, 2019 17:11:48.93 [1576:6976:0220/171148.912:ERROR:appcache_update_url_loader_request.cc(138)] NOT IMPLEMENTED
2월 20, 2019 17:11:48.93 [1576:6976:0220/171148.912:ERROR:appcache_update_url_loader_request.cc(138)] NOT IMPLEMENTED
2월 20, 2019 17:11:48.94 [1576:6976:0220/171148.913:ERROR:appcache_update_url_loader_request.cc(138)] NOT IMPLEMENTED
2월 20, 2019 17:11:48.94 [1576:6976:0220/171148.913:ERROR:appcache_update_url_loader_request.cc(138)] NOT IMPLEMENTED
2월 20, 2019 17:11:48.94 [1576:6976:0220/171148.913:ERROR:appcache_update_url_loader_request.cc(138)] NOT IMPLEMENTED
2월 20, 2019 17:11:48.94 [1576:6976:0220/171148.913:ERROR:appcache_update_url_loader_request.cc(138)] NOT IMPLEMENTED
2월 20, 2019 17:11:48.94 [1576:6976:0220/171148.914:ERROR:appcache_update_url_loader_request.cc(138)] NOT IMPLEMENTED
2월 20, 2019 17:11:48.94 [1576:6976:0220/171148.914:ERROR:appcache_update_url_loader_request.cc(138)] NOT IMPLEMENTED
2월 20, 2019 17:11:48.94 [1576:6976:0220/171148.914:ERROR:appcache_update_url_loader_request.cc(138)] NOT IMPLEMENTED
2월 20, 2019 17:11:48.94 [1576:6976:0220/171148.914:ERROR:appcache_update_url_loader_request.cc(138)] NOT IMPLEMENTED
2월 20, 2019 17:11:48.97 [1576:6976:0220/171148.978:ERROR:appcache_update_url_loader_request.cc(138)] NOT IMPLEMENTED
2월 20, 2019 17:11:49.10 [1576:6976:0220/171149.104:ERROR:appcache_update_url_loader_request.cc(138)] NOT IMPLEMENTED
2월 20, 2019 17:11:49.10 [1576:6976:0220/171149.104:ERROR:appcache_update_url_loader_request.cc(138)] NOT IMPLEMENTED
2월 20, 2019 17:11:49.10 [1576:6976:0220/171149.104:ERROR:appcache_update_url_loader_request.cc(138)] NOT IMPLEMENTED
2월 20, 2019 17:11:49.10 [1576:6976:0220/171149.105:ERROR:appcache_update_url_loader_request.cc(138)] NOT IMPLEMENTED
2월 20, 2019 17:11:49.10 [1576:6976:0220/171149.105:ERROR:appcache_update_url_loader_request.cc(138)] NOT IMPLEMENTED
2월 20, 2019 17:11:49.11 [1576:6976:0220/171149.105:ERROR:appcache_update_url_loader_request.cc(138)] NOT IMPLEMENTED
2월 20, 2019 17:11:49.11 [1576:6976:0220/171149.106:ERROR:appcache_update_url_loader_request.cc(138)] NOT IMPLEMENTED
2월 20, 2019 17:11:49.11 [1576:6976:0220/171149.107:ERROR:appcache_update_url_loader_request.cc(138)] NOT IMPLEMENTED
2월 20, 2019 17:11:49.11 [1576:6976:0220/171149.107:ERROR:appcache_update_url_loader_request.cc(138)] NOT IMPLEMENTED
2월 20, 2019 17:11:49.11 [1576:6976:0220/171149.107:ERROR:appcache_update_url_loader_request.cc(138)] NOT IMPLEMENTED
2월 20, 2019 17:11:49.11 [1576:6976:0220/171149.107:ERROR:appcache_update_url_loader_request.cc(138)] NOT IMPLEMENTED
2월 20, 2019 17:11:49.11 [1576:6976:0220/171149.107:ERROR:appcache_update_url_loader_request.cc(138)] NOT IMPLEMENTED
2월 20, 2019 17:11:49.18 [1576:6976:0220/171149.186:ERROR:appcache_update_url_loader_request.cc(138)] NOT IMPLEMENTED
2월 20, 2019 17:11:49.30 [1576:6976:0220/171149.299:ERROR:appcache_update_url_loader_request.cc(138)] NOT IMPLEMENTED
2월 20, 2019 17:11:49.42 [1576:6976:0220/171149.421:ERROR:appcache_update_url_loader_request.cc(138)] NOT IMPLEMENTED
2월 20, 2019 17:11:49.42 [1576:6976:0220/171149.421:ERROR:appcache_update_url_loader_request.cc(138)] NOT IMPLEMENTED
2월 20, 2019 17:11:49.48 [1576:6976:0220/171149.488:ERROR:appcache_update_url_loader_request.cc(138)] NOT IMPLEMENTED
2월 20, 2019 17:11:49.62 [1576:6976:0220/171149.629:ERROR:appcache_update_url_loader_request.cc(138)] NOT IMPLEMENTED
2월 20, 2019 17:11:49.67 [1576:6976:0220/171149.677:ERROR:appcache_update_url_loader_request.cc(138)] NOT IMPLEMENTED
2월 20, 2019 17:11:49.83 [1576:6976:0220/171149.836:ERROR:appcache_update_url_loader_request.cc(138)] NOT IMPLEMENTED
2월 20, 2019 17:11:49.86 [1576:6976:0220/171149.865:ERROR:appcache_update_url_loader_request.cc(138)] NOT IMPLEMENTED
2월 20, 2019 17:11:50.04 [1576:6976:0220/171150.044:ERROR:appcache_update_url_loader_request.cc(138)] NOT IMPLEMENTED
2월 20, 2019 17:11:50.06 [1576:6976:0220/171150.063:ERROR:appcache_update_url_loader_request.cc(138)] NOT IMPLEMENTED
2월 20, 2019 17:11:50.25 [1576:6976:0220/171150.252:ERROR:appcache_update_url_loader_request.cc(138)] NOT IMPLEMENTED
2월 20, 2019 17:11:50.25 [1576:6976:0220/171150.252:ERROR:appcache_update_url_loader_request.cc(138)] NOT IMPLEMENTED
2월 20, 2019 17:11:50.44 [1576:6976:0220/171150.442:ERROR:appcache_update_url_loader_request.cc(138)] NOT IMPLEMENTED
2월 20, 2019 17:11:50.46 [1576:6976:0220/171150.460:ERROR:appcache_update_url_loader_request.cc(138)] NOT IMPLEMENTED
2월 20, 2019 17:11:50.63 [1576:6976:0220/171150.633:ERROR:appcache_update_url_loader_request.cc(138)] NOT IMPLEMENTED
2월 20, 2019 17:11:50.67 [1576:6976:0220/171150.672:ERROR:appcache_update_url_loader_request.cc(138)] NOT IMPLEMENTED
2월 20, 2019 17:11:50.67 [1576:6976:0220/171150.672:ERROR:appcache_update_url_loader_request.cc(138)] NOT IMPLEMENTED
2월 20, 2019 17:11:50.83 [1576:6976:0220/171150.833:ERROR:appcache_update_url_loader_request.cc(138)] NOT IMPLEMENTED
2월 20, 2019 17:11:50.88 [1576:6976:0220/171150.880:ERROR:appcache_update_url_loader_request.cc(138)] NOT IMPLEMENTED
2월 20, 2019 17:11:51.03 [1576:6976:0220/171151.033:ERROR:appcache_update_url_loader_request.cc(138)] NOT IMPLEMENTED
2월 20, 2019 17:11:51.09 [1576:6976:0220/171151.097:ERROR:appcache_update_url_loader_request.cc(138)] NOT IMPLEMENTED
2월 20, 2019 17:11:51.22 [1576:6976:0220/171151.223:ERROR:appcache_update_url_loader_request.cc(138)] NOT IMPLEMENTED
2월 20, 2019 17:11:51.30 [1576:6976:0220/171151.308:ERROR:appcache_update_url_loader_request.cc(138)] NOT IMPLEMENTED
2월 20, 2019 17:11:51.41 [1576:6976:0220/171151.415:ERROR:appcache_update_url_loader_request.cc(138)] NOT IMPLEMENTED
2월 20, 2019 17:11:51.51 [1576:6976:0220/171151.517:ERROR:appcache_update_url_loader_request.cc(138)] NOT IMPLEMENTED
2월 20, 2019 17:11:51.60 [1576:6976:0220/171151.607:ERROR:appcache_update_url_loader_request.cc(138)] NOT IMPLEMENTED
2월 20, 2019 17:11:51.73 [1576:6976:0220/171151.737:ERROR:appcache_update_url_loader_request.cc(138)] NOT IMPLEMENTED
2월 20, 2019 17:11:51.81 [1576:6976:0220/171151.810:ERROR:appcache_update_url_loader_request.cc(138)] NOT IMPLEMENTED
2월 20, 2019 17:11:51.81 [1576:6976:0220/171151.810:ERROR:appcache_update_url_loader_request.cc(138)] NOT IMPLEMENTED
2월 20, 2019 17:11:51.95 [1576:6976:0220/171151.950:ERROR:appcache_update_url_loader_request.cc(138)] NOT IMPLEMENTED
2월 20, 2019 17:11:52.00 [1576:6976:0220/171152.008:ERROR:appcache_update_url_loader_request.cc(138)] NOT IMPLEMENTED
2월 20, 2019 17:11:52.01 [1576:6976:0220/171152.009:ERROR:appcache_update_url_loader_request.cc(138)] NOT IMPLEMENTED
2월 20, 2019 17:11:52.01 [1576:6976:0220/171152.010:ERROR:appcache_update_url_loader_request.cc(138)] NOT IMPLEMENTED
2월 20, 2019 17:11:52.01 [1576:6976:0220/171152.011:ERROR:appcache_update_url_loader_request.cc(138)] NOT IMPLEMENTED
2월 20, 2019 17:11:52.20 [1576:6976:0220/171152.204:ERROR:appcache_update_url_loader_request.cc(138)] NOT IMPLEMENTED
2월 20, 2019 17:11:52.20 [1576:6976:0220/171152.206:ERROR:appcache_update_url_loader_request.cc(138)] NOT IMPLEMENTED
2월 20, 2019 17:11:52.39 [1576:6976:0220/171152.397:ERROR:appcache_update_url_loader_request.cc(138)] NOT IMPLEMENTED
2월 20, 2019 17:11:52.40 [1576:6976:0220/171152.398:ERROR:appcache_update_url_loader_request.cc(138)] NOT IMPLEMENTED
2월 20, 2019 17:11:52.40 [1576:6976:0220/171152.399:ERROR:appcache_update_url_loader_request.cc(138)] NOT IMPLEMENTED
2월 20, 2019 17:11:52.40 [1576:6976:0220/171152.400:ERROR:appcache_update_url_loader_request.cc(138)] NOT IMPLEMENTED
2월 20, 2019 17:11:52.41 [1576:6976:0220/171152.401:ERROR:appcache_update_url_loader_request.cc(138)] NOT IMPLEMENTED
2월 20, 2019 17:11:52.41 [1576:6976:0220/171152.405:ERROR:appcache_update_url_loader_request.cc(138)] NOT IMPLEMENTED
2월 20, 2019 17:11:52.41 [1576:6976:0220/171152.407:ERROR:appcache_update_url_loader_request.cc(138)] NOT IMPLEMENTED
2월 20, 2019 17:11:52.41 [1576:6976:0220/171152.408:ERROR:appcache_update_url_loader_request.cc(138)] NOT IMPLEMENTED
2월 20, 2019 17:11:52.42 [1576:6976:0220/171152.410:ERROR:appcache_update_url_loader_request.cc(138)] NOT IMPLEMENTED
2월 20, 2019 17:11:52.42 [1576:6976:0220/171152.413:ERROR:appcache_update_url_loader_request.cc(138)] NOT IMPLEMENTED
2월 20, 2019 17:11:52.42 [1576:6976:0220/171152.414:ERROR:appcache_update_url_loader_request.cc(138)] NOT IMPLEMENTED
2월 20, 2019 17:11:52.42 [1576:6976:0220/171152.422:ERROR:appcache_update_url_loader_request.cc(138)] NOT IMPLEMENTED
2월 20, 2019 17:11:52.42 [1576:6976:0220/171152.422:ERROR:appcache_update_url_loader_request.cc(138)] NOT IMPLEMENTED
2월 20, 2019 17:11:52.61 [1576:6976:0220/171152.610:ERROR:appcache_update_url_loader_request.cc(138)] NOT IMPLEMENTED
2월 20, 2019 17:11:52.61 [1576:6976:0220/171152.611:ERROR:appcache_update_url_loader_request.cc(138)] NOT IMPLEMENTED
2월 20, 2019 17:11:52.61 [1576:6976:0220/171152.611:ERROR:appcache_update_url_loader_request.cc(138)] NOT IMPLEMENTED
2월 20, 2019 17:11:52.62 [1576:6976:0220/171152.616:ERROR:appcache_update_url_loader_request.cc(138)] NOT IMPLEMENTED
2월 20, 2019 17:11:52.62 [1576:6976:0220/171152.619:ERROR:appcache_update_url_loader_request.cc(138)] NOT IMPLEMENTED
2월 20, 2019 17:11:52.62 [1576:6976:0220/171152.620:ERROR:appcache_update_url_loader_request.cc(138)] NOT IMPLEMENTED
2월 20, 2019 17:11:52.63 [1576:6976:0220/171152.621:ERROR:appcache_update_url_loader_request.cc(138)] NOT IMPLEMENTED
2월 20, 2019 17:11:52.63 [1576:6976:0220/171152.621:ERROR:appcache_update_url_loader_request.cc(138)] NOT IMPLEMENTED
2월 20, 2019 17:11:52.63 [1576:6976:0220/171152.622:ERROR:appcache_update_url_loader_request.cc(138)] NOT IMPLEMENTED
2월 20, 2019 17:11:52.63 [1576:6976:0220/171152.623:ERROR:appcache_update_url_loader_request.cc(138)] NOT IMPLEMENTED
2월 20, 2019 17:11:52.64 [1576:6976:0220/171152.624:ERROR:appcache_update_url_loader_request.cc(138)] NOT IMPLEMENTED
2월 20, 2019 17:11:52.64 [1576:6976:0220/171152.627:ERROR:appcache_update_url_loader_request.cc(138)] NOT IMPLEMENTED
2월 20, 2019 17:11:52.64 [1576:6976:0220/171152.628:ERROR:appcache_update_url_loader_request.cc(138)] NOT IMPLEMENTED
2월 20, 2019 17:11:52.64 [1576:6976:0220/171152.628:ERROR:appcache_update_url_loader_request.cc(138)] NOT IMPLEMENTED
2월 20, 2019 17:11:52.64 [1576:6976:0220/171152.632:ERROR:appcache_update_url_loader_request.cc(138)] NOT IMPLEMENTED
2월 20, 2019 17:11:52.65 [1576:6976:0220/171152.633:ERROR:appcache_update_url_loader_request.cc(138)] NOT IMPLEMENTED
2월 20, 2019 17:11:52.65 [1576:6976:0220/171152.633:ERROR:appcache_update_url_loader_request.cc(138)] NOT IMPLEMENTED
2월 20, 2019 17:11:52.65 [1576:6976:0220/171152.634:ERROR:appcache_update_url_loader_request.cc(138)] NOT IMPLEMENTED
2월 20, 2019 17:11:52.65 [1576:6976:0220/171152.635:ERROR:appcache_update_url_loader_request.cc(138)] NOT IMPLEMENTED
2월 20, 2019 17:11:52.65 [1576:6976:0220/171152.636:ERROR:appcache_update_url_loader_request.cc(138)] NOT IMPLEMENTED
2월 20, 2019 17:11:52.65 [1576:6976:0220/171152.636:ERROR:appcache_update_url_loader_request.cc(138)] NOT IMPLEMENTED
2월 20, 2019 17:11:52.65 [1576:6976:0220/171152.639:ERROR:appcache_update_url_loader_request.cc(138)] NOT IMPLEMENTED
2월 20, 2019 17:11:52.65 [1576:6976:0220/171152.639:ERROR:appcache_update_url_loader_request.cc(138)] NOT IMPLEMENTED
2월 20, 2019 17:11:52.66 [1576:6976:0220/171152.640:ERROR:appcache_update_url_loader_request.cc(138)] NOT IMPLEMENTED
2월 20, 2019 17:11:52.66 [1576:6976:0220/171152.640:ERROR:appcache_update_url_loader_request.cc(138)] NOT IMPLEMENTED
2월 20, 2019 17:11:52.66 [1576:6976:0220/171152.643:ERROR:appcache_update_url_loader_request.cc(138)] NOT IMPLEMENTED
2월 20, 2019 17:11:52.66 [1576:6976:0220/171152.643:ERROR:appcache_update_url_loader_request.cc(138)] NOT IMPLEMENTED
2월 20, 2019 17:11:52.66 [1576:6976:0220/171152.644:ERROR:appcache_update_url_loader_request.cc(138)] NOT IMPLEMENTED
2월 20, 2019 17:11:52.66 [1576:6976:0220/171152.644:ERROR:appcache_update_url_loader_request.cc(138)] NOT IMPLEMENTED
2월 20, 2019 17:11:52.66 [1576:6976:0220/171152.647:ERROR:appcache_update_url_loader_request.cc(138)] NOT IMPLEMENTED
2월 20, 2019 17:11:52.79 [1576:6976:0220/171152.795:ERROR:appcache_update_url_loader_request.cc(138)] NOT IMPLEMENTED
2월 20, 2019 17:11:52.79 [1576:6976:0220/171152.795:ERROR:appcache_update_url_loader_request.cc(138)] NOT IMPLEMENTED
2월 20, 2019 17:11:52.79 [1576:6976:0220/171152.796:ERROR:appcache_update_url_loader_request.cc(138)] NOT IMPLEMENTED
2월 20, 2019 17:11:52.79 [1576:6976:0220/171152.796:ERROR:appcache_update_url_loader_request.cc(138)] NOT IMPLEMENTED
2월 20, 2019 17:11:52.79 [1576:6976:0220/171152.797:ERROR:appcache_update_url_loader_request.cc(138)] NOT IMPLEMENTED
2월 20, 2019 17:11:52.80 [1576:6976:0220/171152.798:ERROR:appcache_update_url_loader_request.cc(138)] NOT IMPLEMENTED
2월 20, 2019 17:11:52.80 [1576:6976:0220/171152.798:ERROR:appcache_update_url_loader_request.cc(138)] NOT IMPLEMENTED
2월 20, 2019 17:11:52.80 [1576:6976:0220/171152.799:ERROR:appcache_update_url_loader_request.cc(138)] NOT IMPLEMENTED
2월 20, 2019 17:11:52.84 [1576:6976:0220/171152.841:ERROR:appcache_update_url_loader_request.cc(138)] NOT IMPLEMENTED
2월 20, 2019 17:11:52.98 [1576:6976:0220/171152.988:ERROR:appcache_update_url_loader_request.cc(138)] NOT IMPLEMENTED
2월 20, 2019 17:11:53.05 [1576:6976:0220/171153.052:ERROR:appcache_update_url_loader_request.cc(138)] NOT IMPLEMENTED
2월 20, 2019 17:11:53.19 [1576:6976:0220/171153.199:ERROR:appcache_update_url_loader_request.cc(138)] NOT IMPLEMENTED
2월 20, 2019 17:11:53.26 [1576:6976:0220/171153.265:ERROR:appcache_update_url_loader_request.cc(138)] NOT IMPLEMENTED
2월 20, 2019 17:11:53.39 [1576:6976:0220/171153.390:ERROR:appcache_update_url_loader_request.cc(138)] NOT IMPLEMENTED
2월 20, 2019 17:11:53.47 [1576:6976:0220/171153.477:ERROR:appcache_update_url_loader_request.cc(138)] NOT IMPLEMENTED
2월 20, 2019 17:11:53.48 [1576:6976:0220/171153.477:ERROR:appcache_update_url_loader_request.cc(138)] NOT IMPLEMENTED
2월 20, 2019 17:11:53.58 [1576:6976:0220/171153.582:ERROR:appcache_update_url_loader_request.cc(138)] NOT IMPLEMENTED
2월 20, 2019 17:11:53.68 [1576:6976:0220/171153.688:ERROR:appcache_update_url_loader_request.cc(138)] NOT IMPLEMENTED
2월 20, 2019 17:11:53.79 [1576:6976:0220/171153.791:ERROR:appcache_update_url_loader_request.cc(138)] NOT IMPLEMENTED
2월 20, 2019 17:11:53.79 [1576:6976:0220/171153.792:ERROR:appcache_update_url_loader_request.cc(138)] NOT IMPLEMENTED
2월 20, 2019 17:11:53.90 [1576:6976:0220/171153.904:ERROR:appcache_update_url_loader_request.cc(138)] NOT IMPLEMENTED
2월 20, 2019 17:11:53.98 [1576:6976:0220/171153.983:ERROR:appcache_update_url_loader_request.cc(138)] NOT IMPLEMENTED
2월 20, 2019 17:11:54.12 [1576:6976:0220/171154.127:ERROR:appcache_update_url_loader_request.cc(138)] NOT IMPLEMENTED
2월 20, 2019 17:11:54.18 [1576:6976:0220/171154.186:ERROR:appcache_update_url_loader_request.cc(138)] NOT IMPLEMENTED
2월 20, 2019 17:11:54.18 [1576:6976:0220/171154.186:ERROR:appcache_update_url_loader_request.cc(138)] NOT IMPLEMENTED
2월 20, 2019 17:11:54.18 [1576:6976:0220/171154.186:ERROR:appcache_update_url_loader_request.cc(138)] NOT IMPLEMENTED
2월 20, 2019 17:11:54.18 [1576:6976:0220/171154.186:ERROR:appcache_update_url_loader_request.cc(138)] NOT IMPLEMENTED
2월 20, 2019 17:11:54.34 [1576:6976:0220/171154.346:ERROR:appcache_update_url_loader_request.cc(138)] NOT IMPLEMENTED
2월 20, 2019 17:11:54.38 [1576:6976:0220/171154.384:ERROR:appcache_update_url_loader_request.cc(138)] NOT IMPLEMENTED
2월 20, 2019 17:11:54.38 [1576:6976:0220/171154.385:ERROR:appcache_update_url_loader_request.cc(138)] NOT IMPLEMENTED
2월 20, 2019 17:11:54.38 [1576:6976:0220/171154.385:ERROR:appcache_update_url_loader_request.cc(138)] NOT IMPLEMENTED
2월 20, 2019 17:11:54.38 [1576:6976:0220/171154.385:ERROR:appcache_update_url_loader_request.cc(138)] NOT IMPLEMENTED
2월 20, 2019 17:11:54.55 [1576:6976:0220/171154.557:ERROR:appcache_update_url_loader_request.cc(138)] NOT IMPLEMENTED
2월 20, 2019 17:11:54.56 [1576:6976:0220/171154.557:ERROR:appcache_update_url_loader_request.cc(138)] NOT IMPLEMENTED
2월 20, 2019 17:11:54.56 [1576:6976:0220/171154.566:ERROR:appcache_update_url_loader_request.cc(138)] NOT IMPLEMENTED
2월 20, 2019 17:11:54.76 [1576:6976:0220/171154.761:ERROR:appcache_update_url_loader_request.cc(138)] NOT IMPLEMENTED
2월 20, 2019 17:11:54.76 [1576:6976:0220/171154.761:ERROR:appcache_update_url_loader_request.cc(138)] NOT IMPLEMENTED
2월 20, 2019 17:11:54.76 [1576:6976:0220/171154.762:ERROR:appcache_update_url_loader_request.cc(138)] NOT IMPLEMENTED
2월 20, 2019 17:11:54.97 [1576:6976:0220/171154.972:ERROR:appcache_update_url_loader_request.cc(138)] NOT IMPLEMENTED
2월 20, 2019 17:11:54.97 [1576:6976:0220/171154.972:ERROR:appcache_update_url_loader_request.cc(138)] NOT IMPLEMENTED
2월 20, 2019 17:11:54.97 [1576:6976:0220/171154.975:ERROR:appcache_update_url_loader_request.cc(138)] NOT IMPLEMENTED
2월 20, 2019 17:11:55.16 [1576:6976:0220/171155.164:ERROR:appcache_update_url_loader_request.cc(138)] NOT IMPLEMENTED
2월 20, 2019 17:11:55.18 [1576:6976:0220/171155.187:ERROR:appcache_update_url_loader_request.cc(138)] NOT IMPLEMENTED
2월 20, 2019 17:11:55.35 [1576:6976:0220/171155.359:ERROR:appcache_update_url_loader_request.cc(138)] NOT IMPLEMENTED
2월 20, 2019 17:11:55.40 [1576:6976:0220/171155.407:ERROR:appcache_update_url_loader_request.cc(138)] NOT IMPLEMENTED

2월 21, 2019 10:47:29.88 NEW SESSION
2월 21, 2019 10:47:29.88 [2536:3164:0221/104729.875:ERROR:CONSOLE(970)] "TypeError: Cannot read property 'pseudoType' of undefined TypeError: Cannot read property 'pseudoType' of undefined
2월 21, 2019 10:47:29.92     at SDK.DOMNode._removeChild (chrome-devtools://devtools/bundled/shell.js:4290:28)
2월 21, 2019 10:47:29.92     at SDK.DOMModel._childNodeRemoved (chrome-devtools://devtools/bundled/shell.js:4409:121)
2월 21, 2019 10:47:29.92     at SDK.DOMDispatcher.childNodeRemoved (chrome-devtools://devtools/bundled/shell.js:4453:54)
2월 21, 2019 10:47:29.92     at Protocol.InspectorBackend._DispatcherPrototype.dispatch (chrome-devtools://devtools/bundled/shell.js:3389:26)
2월 21, 2019 10:47:29.92     at Protocol.SessionRouter._onMessage (chrome-devtools://devtools/bundled/shell.js:3345:41)
2월 21, 2019 10:47:29.92     at SDK.MainConnection._dispatchMessage (chrome-devtools://devtools/bundled/shell.js:3475:17)
2월 21, 2019 10:47:29.92     at Common.Object.dispatchEventToListeners (chrome-devtools://devtools/bundled/shell.js:488:23)
2월 21, 2019 10:47:29.92     at innerDispatch (chrome-devtools://devtools/bundled/shell.js:970:98)
2월 21, 2019 10:47:29.92     at Host.InspectorFrontendAPIImpl._dispatch (chrome-devtools://devtools/bundled/shell.js:970:1)
2월 21, 2019 10:47:29.92     at DevToolsAPIImpl._dispatchOnInspectorFrontendAPI (chrome-devtools://devtools/bundled/devtools_compatibility.js:57:36)", source: chrome-devtools://devtools/bundled/shell.js (970)
2월 21, 2019 10:47:31.81 [2536:3164:0221/104731.815:ERROR:CONSOLE(970)] "TypeError: Cannot read property 'pseudoType' of undefined TypeError: Cannot read property 'pseudoType' of undefined
2월 21, 2019 10:47:31.81     at SDK.DOMNode._removeChild (chrome-devtools://devtools/bundled/shell.js:4290:28)
2월 21, 2019 10:47:31.81     at SDK.DOMModel._childNodeRemoved (chrome-devtools://devtools/bundled/shell.js:4409:121)
2월 21, 2019 10:47:31.81     at SDK.DOMDispatcher.childNodeRemoved (chrome-devtools://devtools/bundled/shell.js:4453:54)
2월 21, 2019 10:47:31.82     at Protocol.InspectorBackend._DispatcherPrototype.dispatch (chrome-devtools://devtools/bundled/shell.js:3389:26)
2월 21, 2019 10:47:31.82     at Protocol.SessionRouter._onMessage (chrome-devtools://devtools/bundled/shell.js:3345:41)
2월 21, 2019 10:47:31.82     at SDK.MainConnection._dispatchMessage (chrome-devtools://devtools/bundled/shell.js:3475:17)
2월 21, 2019 10:47:31.82     at Common.Object.dispatchEventToListeners (chrome-devtools://devtools/bundled/shell.js:488:23)
2월 21, 2019 10:47:31.82     at innerDispatch (chrome-devtools://devtools/bundled/shell.js:970:98)
2월 21, 2019 10:47:31.82     at Host.InspectorFrontendAPIImpl._dispatch (chrome-devtools://devtools/bundled/shell.js:970:1)
2월 21, 2019 10:47:31.82     at DevToolsAPIImpl._dispatchOnInspectorFrontendAPI (chrome-devtools://devtools/bundled/devtools_compatibility.js:57:36)", source: chrome-devtools://devtools/bundled/shell.js (970)
2월 21, 2019 10:48:09.32 [2536:3164:0221/104809.319:ERROR:CONSOLE(970)] "TypeError: Cannot read property 'pseudoType' of undefined TypeError: Cannot read property 'pseudoType' of undefined
2월 21, 2019 10:48:09.32     at SDK.DOMNode._removeChild (chrome-devtools://devtools/bundled/shell.js:4290:28)
2월 21, 2019 10:48:09.32     at SDK.DOMModel._childNodeRemoved (chrome-devtools://devtools/bundled/shell.js:4409:121)
2월 21, 2019 10:48:09.32     at SDK.DOMDispatcher.childNodeRemoved (chrome-devtools://devtools/bundled/shell.js:4453:54)
2월 21, 2019 10:48:09.32     at Protocol.InspectorBackend._DispatcherPrototype.dispatch (chrome-devtools://devtools/bundled/shell.js:3389:26)
2월 21, 2019 10:48:09.32     at Protocol.SessionRouter._onMessage (chrome-devtools://devtools/bundled/shell.js:3345:41)
2월 21, 2019 10:48:09.32     at SDK.MainConnection._dispatchMessage (chrome-devtools://devtools/bundled/shell.js:3475:17)
2월 21, 2019 10:48:09.32     at Common.Object.dispatchEventToListeners (chrome-devtools://devtools/bundled/shell.js:488:23)
2월 21, 2019 10:48:09.33     at innerDispatch (chrome-devtools://devtools/bundled/shell.js:970:98)
2월 21, 2019 10:48:09.33     at Host.InspectorFrontendAPIImpl._dispatch (chrome-devtools://devtools/bundled/shell.js:970:1)
2월 21, 2019 10:48:09.33     at DevToolsAPIImpl._dispatchOnInspectorFrontendAPI (chrome-devtools://devtools/bundled/devtools_compatibility.js:57:36)", source: chrome-devtools://devtools/bundled/shell.js (970)
2월 21, 2019 10:48:17.98 [2536:3164:0221/104817.985:ERROR:CONSOLE(970)] "TypeError: Cannot read property 'pseudoType' of undefined TypeError: Cannot read property 'pseudoType' of undefined
2월 21, 2019 10:48:17.98     at SDK.DOMNode._removeChild (chrome-devtools://devtools/bundled/shell.js:4290:28)
2월 21, 2019 10:48:17.98     at SDK.DOMModel._childNodeRemoved (chrome-devtools://devtools/bundled/shell.js:4409:121)
2월 21, 2019 10:48:17.99     at SDK.DOMDispatcher.childNodeRemoved (chrome-devtools://devtools/bundled/shell.js:4453:54)
2월 21, 2019 10:48:17.99     at Protocol.InspectorBackend._DispatcherPrototype.dispatch (chrome-devtools://devtools/bundled/shell.js:3389:26)
2월 21, 2019 10:48:17.99     at Protocol.SessionRouter._onMessage (chrome-devtools://devtools/bundled/shell.js:3345:41)
2월 21, 2019 10:48:17.99     at SDK.MainConnection._dispatchMessage (chrome-devtools://devtools/bundled/shell.js:3475:17)
2월 21, 2019 10:48:17.99     at Common.Object.dispatchEventToListeners (chrome-devtools://devtools/bundled/shell.js:488:23)
2월 21, 2019 10:48:17.99     at innerDispatch (chrome-devtools://devtools/bundled/shell.js:970:98)
2월 21, 2019 10:48:17.99     at Host.InspectorFrontendAPIImpl._dispatch (chrome-devtools://devtools/bundled/shell.js:970:1)
2월 21, 2019 10:48:17.99     at DevToolsAPIImpl._dispatchOnInspectorFrontendAPI (chrome-devtools://devtools/bundled/devtools_compatibility.js:57:36)", source: chrome-devtools://devtools/bundled/shell.js (970)
2월 21, 2019 10:49:41.55 [2536:3164:0221/104941.554:ERROR:CONSOLE(970)] "TypeError: Cannot read property 'pseudoType' of undefined TypeError: Cannot read property 'pseudoType' of undefined
2월 21, 2019 10:49:41.55     at SDK.DOMNode._removeChild (chrome-devtools://devtools/bundled/shell.js:4290:28)
2월 21, 2019 10:49:41.55     at SDK.DOMModel._childNodeRemoved (chrome-devtools://devtools/bundled/shell.js:4409:121)
2월 21, 2019 10:49:41.55     at SDK.DOMDispatcher.childNodeRemoved (chrome-devtools://devtools/bundled/shell.js:4453:54)
2월 21, 2019 10:49:41.55     at Protocol.InspectorBackend._DispatcherPrototype.dispatch (chrome-devtools://devtools/bundled/shell.js:3389:26)
2월 21, 2019 10:49:41.56     at Protocol.SessionRouter._onMessage (chrome-devtools://devtools/bundled/shell.js:3345:41)
2월 21, 2019 10:49:41.56     at SDK.MainConnection._dispatchMessage (chrome-devtools://devtools/bundled/shell.js:3475:17)
2월 21, 2019 10:49:41.56     at Common.Object.dispatchEventToListeners (chrome-devtools://devtools/bundled/shell.js:488:23)
2월 21, 2019 10:49:41.56     at innerDispatch (chrome-devtools://devtools/bundled/shell.js:970:98)
2월 21, 2019 10:49:41.56     at Host.InspectorFrontendAPIImpl._dispatch (chrome-devtools://devtools/bundled/shell.js:970:1)
2월 21, 2019 10:49:41.56     at DevToolsAPIImpl._dispatchOnInspectorFrontendAPI (chrome-devtools://devtools/bundled/devtools_compatibility.js:57:36)", source: chrome-devtools://devtools/bundled/shell.js (970)
2월 21, 2019 10:49:43.74 [2536:3164:0221/104943.747:ERROR:CONSOLE(970)] "TypeError: Cannot read property 'pseudoType' of undefined TypeError: Cannot read property 'pseudoType' of undefined
2월 21, 2019 10:49:43.74     at SDK.DOMNode._removeChild (chrome-devtools://devtools/bundled/shell.js:4290:28)
2월 21, 2019 10:49:43.75     at SDK.DOMModel._childNodeRemoved (chrome-devtools://devtools/bundled/shell.js:4409:121)
2월 21, 2019 10:49:43.75     at SDK.DOMDispatcher.childNodeRemoved (chrome-devtools://devtools/bundled/shell.js:4453:54)
2월 21, 2019 10:49:43.75     at Protocol.InspectorBackend._DispatcherPrototype.dispatch (chrome-devtools://devtools/bundled/shell.js:3389:26)
2월 21, 2019 10:49:43.75     at Protocol.SessionRouter._onMessage (chrome-devtools://devtools/bundled/shell.js:3345:41)
2월 21, 2019 10:49:43.75     at SDK.MainConnection._dispatchMessage (chrome-devtools://devtools/bundled/shell.js:3475:17)
2월 21, 2019 10:49:43.75     at Common.Object.dispatchEventToListeners (chrome-devtools://devtools/bundled/shell.js:488:23)
2월 21, 2019 10:49:43.75     at innerDispatch (chrome-devtools://devtools/bundled/shell.js:970:98)
2월 21, 2019 10:49:43.75     at Host.InspectorFrontendAPIImpl._dispatch (chrome-devtools://devtools/bundled/shell.js:970:1)
2월 21, 2019 10:49:43.75     at DevToolsAPIImpl._dispatchOnInspectorFrontendAPI (chrome-devtools://devtools/bundled/devtools_compatibility.js:57:36)", source: chrome-devtools://devtools/bundled/shell.js (970)
2월 21, 2019 10:49:46.38 [2536:3164:0221/104946.385:ERROR:CONSOLE(970)] "TypeError: Cannot read property 'pseudoType' of undefined TypeError: Cannot read property 'pseudoType' of undefined
2월 21, 2019 10:49:46.38     at SDK.DOMNode._removeChild (chrome-devtools://devtools/bundled/shell.js:4290:28)
2월 21, 2019 10:49:46.38     at SDK.DOMModel._childNodeRemoved (chrome-devtools://devtools/bundled/shell.js:4409:121)
2월 21, 2019 10:49:46.38     at SDK.DOMDispatcher.childNodeRemoved (chrome-devtools://devtools/bundled/shell.js:4453:54)
2월 21, 2019 10:49:46.38     at Protocol.InspectorBackend._DispatcherPrototype.dispatch (chrome-devtools://devtools/bundled/shell.js:3389:26)
2월 21, 2019 10:49:46.39     at Protocol.SessionRouter._onMessage (chrome-devtools://devtools/bundled/shell.js:3345:41)
2월 21, 2019 10:49:46.39     at SDK.MainConnection._dispatchMessage (chrome-devtools://devtools/bundled/shell.js:3475:17)
2월 21, 2019 10:49:46.39     at Common.Object.dispatchEventToListeners (chrome-devtools://devtools/bundled/shell.js:488:23)
2월 21, 2019 10:49:46.39     at innerDispatch (chrome-devtools://devtools/bundled/shell.js:970:98)
2월 21, 2019 10:49:46.39     at Host.InspectorFrontendAPIImpl._dispatch (chrome-devtools://devtools/bundled/shell.js:970:1)
2월 21, 2019 10:49:46.39     at DevToolsAPIImpl._dispatchOnInspectorFrontendAPI (chrome-devtools://devtools/bundled/devtools_compatibility.js:57:36)", source: chrome-devtools://devtools/bundled/shell.js (970)
2월 21, 2019 10:50:34.52 [2536:3164:0221/105034.523:ERROR:CONSOLE(970)] "TypeError: Cannot read property 'pseudoType' of undefined TypeError: Cannot read property 'pseudoType' of undefined
2월 21, 2019 10:50:34.52     at SDK.DOMNode._removeChild (chrome-devtools://devtools/bundled/shell.js:4290:28)
2월 21, 2019 10:50:34.52     at SDK.DOMModel._childNodeRemoved (chrome-devtools://devtools/bundled/shell.js:4409:121)
2월 21, 2019 10:50:34.52     at SDK.DOMDispatcher.childNodeRemoved (chrome-devtools://devtools/bundled/shell.js:4453:54)
2월 21, 2019 10:50:34.52     at Protocol.InspectorBackend._DispatcherPrototype.dispatch (chrome-devtools://devtools/bundled/shell.js:3389:26)
2월 21, 2019 10:50:34.53     at Protocol.SessionRouter._onMessage (chrome-devtools://devtools/bundled/shell.js:3345:41)
2월 21, 2019 10:50:34.53     at SDK.MainConnection._dispatchMessage (chrome-devtools://devtools/bundled/shell.js:3475:17)
2월 21, 2019 10:50:34.53     at Common.Object.dispatchEventToListeners (chrome-devtools://devtools/bundled/shell.js:488:23)
2월 21, 2019 10:50:34.53     at innerDispatch (chrome-devtools://devtools/bundled/shell.js:970:98)
2월 21, 2019 10:50:34.53     at Host.InspectorFrontendAPIImpl._dispatch (chrome-devtools://devtools/bundled/shell.js:970:1)
2월 21, 2019 10:50:34.53     at DevToolsAPIImpl._dispatchOnInspectorFrontendAPI (chrome-devtools://devtools/bundled/devtools_compatibility.js:57:36)", source: chrome-devtools://devtools/bundled/shell.js (970)
2월 21, 2019 10:50:36.15 [2536:3164:0221/105036.150:ERROR:CONSOLE(970)] "TypeError: Cannot read property 'pseudoType' of undefined TypeError: Cannot read property 'pseudoType' of undefined
2월 21, 2019 10:50:36.15     at SDK.DOMNode._removeChild (chrome-devtools://devtools/bundled/shell.js:4290:28)
2월 21, 2019 10:50:36.15     at SDK.DOMModel._childNodeRemoved (chrome-devtools://devtools/bundled/shell.js:4409:121)
2월 21, 2019 10:50:36.15     at SDK.DOMDispatcher.childNodeRemoved (chrome-devtools://devtools/bundled/shell.js:4453:54)
2월 21, 2019 10:50:36.15     at Protocol.InspectorBackend._DispatcherPrototype.dispatch (chrome-devtools://devtools/bundled/shell.js:3389:26)
2월 21, 2019 10:50:36.15     at Protocol.SessionRouter._onMessage (chrome-devtools://devtools/bundled/shell.js:3345:41)
2월 21, 2019 10:50:36.15     at SDK.MainConnection._dispatchMessage (chrome-devtools://devtools/bundled/shell.js:3475:17)
2월 21, 2019 10:50:36.15     at Common.Object.dispatchEventToListeners (chrome-devtools://devtools/bundled/shell.js:488:23)
2월 21, 2019 10:50:36.15     at innerDispatch (chrome-devtools://devtools/bundled/shell.js:970:98)
2월 21, 2019 10:50:36.15     at Host.InspectorFrontendAPIImpl._dispatch (chrome-devtools://devtools/bundled/shell.js:970:1)
2월 21, 2019 10:50:36.16     at DevToolsAPIImpl._dispatchOnInspectorFrontendAPI (chrome-devtools://devtools/bundled/devtools_compatibility.js:57:36)", source: chrome-devtools://devtools/bundled/shell.js (970)
2월 21, 2019 10:58:54.11 [2536:3164:0221/105854.119:ERROR:CONSOLE(970)] "TypeError: Cannot read property 'pseudoType' of undefined TypeError: Cannot read property 'pseudoType' of undefined
2월 21, 2019 10:58:54.12     at SDK.DOMNode._removeChild (chrome-devtools://devtools/bundled/shell.js:4290:28)
2월 21, 2019 10:58:54.12     at SDK.DOMModel._childNodeRemoved (chrome-devtools://devtools/bundled/shell.js:4409:121)
2월 21, 2019 10:58:54.12     at SDK.DOMDispatcher.childNodeRemoved (chrome-devtools://devtools/bundled/shell.js:4453:54)
2월 21, 2019 10:58:54.12     at Protocol.InspectorBackend._DispatcherPrototype.dispatch (chrome-devtools://devtools/bundled/shell.js:3389:26)
2월 21, 2019 10:58:54.12     at Protocol.SessionRouter._onMessage (chrome-devtools://devtools/bundled/shell.js:3345:41)
2월 21, 2019 10:58:54.12     at SDK.MainConnection._dispatchMessage (chrome-devtools://devtools/bundled/shell.js:3475:17)
2월 21, 2019 10:58:54.12     at Common.Object.dispatchEventToListeners (chrome-devtools://devtools/bundled/shell.js:488:23)
2월 21, 2019 10:58:54.12     at innerDispatch (chrome-devtools://devtools/bundled/shell.js:970:98)
2월 21, 2019 10:58:54.12     at Host.InspectorFrontendAPIImpl._dispatch (chrome-devtools://devtools/bundled/shell.js:970:1)
2월 21, 2019 10:58:54.12     at DevToolsAPIImpl._dispatchOnInspectorFrontendAPI (chrome-devtools://devtools/bundled/devtools_compatibility.js:57:36)", source: chrome-devtools://devtools/bundled/shell.js (970)
2월 21, 2019 10:59:46.53 [2536:5772:0221/105946.532:ERROR:browser_process_sub_thread.cc(209)] Waited 108 ms for network service
2월 21, 2019 11:14:19.06 [4608:5708:0221/111419.066:ERROR:browser_process_sub_thread.cc(209)] Waited 46 ms for network service
2월 21, 2019 11:19:54.67 [6696:5344:0221/111954.674:ERROR:CONSOLE(970)] "TypeError: Cannot read property 'pseudoType' of undefined TypeError: Cannot read property 'pseudoType' of undefined
2월 21, 2019 11:19:54.67     at SDK.DOMNode._removeChild (chrome-devtools://devtools/bundled/shell.js:4290:28)
2월 21, 2019 11:19:54.67     at SDK.DOMModel._childNodeRemoved (chrome-devtools://devtools/bundled/shell.js:4409:121)
2월 21, 2019 11:19:54.67     at SDK.DOMDispatcher.childNodeRemoved (chrome-devtools://devtools/bundled/shell.js:4453:54)
2월 21, 2019 11:19:54.67     at Protocol.InspectorBackend._DispatcherPrototype.dispatch (chrome-devtools://devtools/bundled/shell.js:3389:26)
2월 21, 2019 11:19:54.68     at Protocol.SessionRouter._onMessage (chrome-devtools://devtools/bundled/shell.js:3345:41)
2월 21, 2019 11:19:54.68     at SDK.MainConnection._dispatchMessage (chrome-devtools://devtools/bundled/shell.js:3475:17)
2월 21, 2019 11:19:54.68     at Common.Object.dispatchEventToListeners (chrome-devtools://devtools/bundled/shell.js:488:23)
2월 21, 2019 11:19:54.68     at innerDispatch (chrome-devtools://devtools/bundled/shell.js:970:98)
2월 21, 2019 11:19:54.68     at Host.InspectorFrontendAPIImpl._dispatch (chrome-devtools://devtools/bundled/shell.js:970:1)
2월 21, 2019 11:19:54.68     at DevToolsAPIImpl._dispatchOnInspectorFrontendAPI (chrome-devtools://devtools/bundled/devtools_compatibility.js:57:36)", source: chrome-devtools://devtools/bundled/shell.js (970)
2월 21, 2019 11:20:15.25 [6696:5344:0221/112015.256:ERROR:CONSOLE(970)] "TypeError: Cannot read property 'pseudoType' of undefined TypeError: Cannot read property 'pseudoType' of undefined
2월 21, 2019 11:20:15.25     at SDK.DOMNode._removeChild (chrome-devtools://devtools/bundled/shell.js:4290:28)
2월 21, 2019 11:20:15.25     at SDK.DOMModel._childNodeRemoved (chrome-devtools://devtools/bundled/shell.js:4409:121)
2월 21, 2019 11:20:15.25     at SDK.DOMDispatcher.childNodeRemoved (chrome-devtools://devtools/bundled/shell.js:4453:54)
2월 21, 2019 11:20:15.25     at Protocol.InspectorBackend._DispatcherPrototype.dispatch (chrome-devtools://devtools/bundled/shell.js:3389:26)
2월 21, 2019 11:20:15.26     at Protocol.SessionRouter._onMessage (chrome-devtools://devtools/bundled/shell.js:3345:41)
2월 21, 2019 11:20:15.26     at SDK.MainConnection._dispatchMessage (chrome-devtools://devtools/bundled/shell.js:3475:17)
2월 21, 2019 11:20:15.26     at Common.Object.dispatchEventToListeners (chrome-devtools://devtools/bundled/shell.js:488:23)
2월 21, 2019 11:20:15.26     at innerDispatch (chrome-devtools://devtools/bundled/shell.js:970:98)
2월 21, 2019 11:20:15.26     at Host.InspectorFrontendAPIImpl._dispatch (chrome-devtools://devtools/bundled/shell.js:970:1)
2월 21, 2019 11:20:15.26     at DevToolsAPIImpl._dispatchOnInspectorFrontendAPI (chrome-devtools://devtools/bundled/devtools_compatibility.js:57:36)", source: chrome-devtools://devtools/bundled/shell.js (970)
2월 21, 2019 11:24:06.15 [6696:5344:0221/112406.159:ERROR:CONSOLE(970)] "TypeError: Cannot read property 'pseudoType' of undefined TypeError: Cannot read property 'pseudoType' of undefined
2월 21, 2019 11:24:06.16     at SDK.DOMNode._removeChild (chrome-devtools://devtools/bundled/shell.js:4290:28)
2월 21, 2019 11:24:06.16     at SDK.DOMModel._childNodeRemoved (chrome-devtools://devtools/bundled/shell.js:4409:121)
2월 21, 2019 11:24:06.16     at SDK.DOMDispatcher.childNodeRemoved (chrome-devtools://devtools/bundled/shell.js:4453:54)
2월 21, 2019 11:24:06.16     at Protocol.InspectorBackend._DispatcherPrototype.dispatch (chrome-devtools://devtools/bundled/shell.js:3389:26)
2월 21, 2019 11:24:06.16     at Protocol.SessionRouter._onMessage (chrome-devtools://devtools/bundled/shell.js:3345:41)
2월 21, 2019 11:24:06.16     at SDK.MainConnection._dispatchMessage (chrome-devtools://devtools/bundled/shell.js:3475:17)
2월 21, 2019 11:24:06.16     at Common.Object.dispatchEventToListeners (chrome-devtools://devtools/bundled/shell.js:488:23)
2월 21, 2019 11:24:06.16     at innerDispatch (chrome-devtools://devtools/bundled/shell.js:970:98)
2월 21, 2019 11:24:06.17     at Host.InspectorFrontendAPIImpl._dispatch (chrome-devtools://devtools/bundled/shell.js:970:1)
2월 21, 2019 11:24:06.17     at DevToolsAPIImpl._dispatchOnInspectorFrontendAPI (chrome-devtools://devtools/bundled/devtools_compatibility.js:57:36)", source: chrome-devtools://devtools/bundled/shell.js (970)
2월 21, 2019 11:24:20.14 [6696:5344:0221/112420.145:ERROR:CONSOLE(970)] "TypeError: Cannot read property 'pseudoType' of undefined TypeError: Cannot read property 'pseudoType' of undefined
2월 21, 2019 11:24:20.14     at SDK.DOMNode._removeChild (chrome-devtools://devtools/bundled/shell.js:4290:28)
2월 21, 2019 11:24:20.14     at SDK.DOMModel._childNodeRemoved (chrome-devtools://devtools/bundled/shell.js:4409:121)
2월 21, 2019 11:24:20.14     at SDK.DOMDispatcher.childNodeRemoved (chrome-devtools://devtools/bundled/shell.js:4453:54)
2월 21, 2019 11:24:20.15     at Protocol.InspectorBackend._DispatcherPrototype.dispatch (chrome-devtools://devtools/bundled/shell.js:3389:26)
2월 21, 2019 11:24:20.15     at Protocol.SessionRouter._onMessage (chrome-devtools://devtools/bundled/shell.js:3345:41)
2월 21, 2019 11:24:20.15     at SDK.MainConnection._dispatchMessage (chrome-devtools://devtools/bundled/shell.js:3475:17)
2월 21, 2019 11:24:20.15     at Common.Object.dispatchEventToListeners (chrome-devtools://devtools/bundled/shell.js:488:23)
2월 21, 2019 11:24:20.15     at innerDispatch (chrome-devtools://devtools/bundled/shell.js:970:98)
2월 21, 2019 11:24:20.15     at Host.InspectorFrontendAPIImpl._dispatch (chrome-devtools://devtools/bundled/shell.js:970:1)
2월 21, 2019 11:24:20.15     at DevToolsAPIImpl._dispatchOnInspectorFrontendAPI (chrome-devtools://devtools/bundled/devtools_compatibility.js:57:36)", source: chrome-devtools://devtools/bundled/shell.js (970)
2월 21, 2019 11:33:04.58 [6696:5344:0221/113304.586:ERROR:CONSOLE(970)] "TypeError: Cannot read property 'pseudoType' of undefined TypeError: Cannot read property 'pseudoType' of undefined
2월 21, 2019 11:33:04.58     at SDK.DOMNode._removeChild (chrome-devtools://devtools/bundled/shell.js:4290:28)
2월 21, 2019 11:33:04.58     at SDK.DOMModel._childNodeRemoved (chrome-devtools://devtools/bundled/shell.js:4409:121)
2월 21, 2019 11:33:04.59     at SDK.DOMDispatcher.childNodeRemoved (chrome-devtools://devtools/bundled/shell.js:4453:54)
2월 21, 2019 11:33:04.59     at Protocol.InspectorBackend._DispatcherPrototype.dispatch (chrome-devtools://devtools/bundled/shell.js:3389:26)
2월 21, 2019 11:33:04.59     at Protocol.SessionRouter._onMessage (chrome-devtools://devtools/bundled/shell.js:3345:41)
2월 21, 2019 11:33:04.59     at SDK.MainConnection._dispatchMessage (chrome-devtools://devtools/bundled/shell.js:3475:17)
2월 21, 2019 11:33:04.59     at Common.Object.dispatchEventToListeners (chrome-devtools://devtools/bundled/shell.js:488:23)
2월 21, 2019 11:33:04.59     at innerDispatch (chrome-devtools://devtools/bundled/shell.js:970:98)
2월 21, 2019 11:33:04.59     at Host.InspectorFrontendAPIImpl._dispatch (chrome-devtools://devtools/bundled/shell.js:970:1)
2월 21, 2019 11:33:04.59     at DevToolsAPIImpl._dispatchOnInspectorFrontendAPI (chrome-devtools://devtools/bundled/devtools_compatibility.js:57:36)", source: chrome-devtools://devtools/bundled/shell.js (970)
2월 21, 2019 11:34:32.47 [6696:5344:0221/113432.473:ERROR:CONSOLE(970)] "TypeError: Cannot read property 'pseudoType' of undefined TypeError: Cannot read property 'pseudoType' of undefined
2월 21, 2019 11:34:32.47     at SDK.DOMNode._removeChild (chrome-devtools://devtools/bundled/shell.js:4290:28)
2월 21, 2019 11:34:32.47     at SDK.DOMModel._childNodeRemoved (chrome-devtools://devtools/bundled/shell.js:4409:121)
2월 21, 2019 11:34:32.48     at SDK.DOMDispatcher.childNodeRemoved (chrome-devtools://devtools/bundled/shell.js:4453:54)
2월 21, 2019 11:34:32.48     at Protocol.InspectorBackend._DispatcherPrototype.dispatch (chrome-devtools://devtools/bundled/shell.js:3389:26)
2월 21, 2019 11:34:32.48     at Protocol.SessionRouter._onMessage (chrome-devtools://devtools/bundled/shell.js:3345:41)
2월 21, 2019 11:34:32.48     at SDK.MainConnection._dispatchMessage (chrome-devtools://devtools/bundled/shell.js:3475:17)
2월 21, 2019 11:34:32.49     at Common.Object.dispatchEventToListeners (chrome-devtools://devtools/bundled/shell.js:488:23)
2월 21, 2019 11:34:32.49     at innerDispatch (chrome-devtools://devtools/bundled/shell.js:970:98)
2월 21, 2019 11:34:32.49     at Host.InspectorFrontendAPIImpl._dispatch (chrome-devtools://devtools/bundled/shell.js:970:1)
2월 21, 2019 11:34:32.49     at DevToolsAPIImpl._dispatchOnInspectorFrontendAPI (chrome-devtools://devtools/bundled/devtools_compatibility.js:57:36)", source: chrome-devtools://devtools/bundled/shell.js (970)
2월 21, 2019 11:35:05.38 [6696:5344:0221/113505.384:ERROR:CONSOLE(970)] "TypeError: Cannot read property 'pseudoType' of undefined TypeError: Cannot read property 'pseudoType' of undefined
2월 21, 2019 11:35:05.38     at SDK.DOMNode._removeChild (chrome-devtools://devtools/bundled/shell.js:4290:28)
2월 21, 2019 11:35:05.38     at SDK.DOMModel._childNodeRemoved (chrome-devtools://devtools/bundled/shell.js:4409:121)
2월 21, 2019 11:35:05.38     at SDK.DOMDispatcher.childNodeRemoved (chrome-devtools://devtools/bundled/shell.js:4453:54)
2월 21, 2019 11:35:05.38     at Protocol.InspectorBackend._DispatcherPrototype.dispatch (chrome-devtools://devtools/bundled/shell.js:3389:26)
2월 21, 2019 11:35:05.38     at Protocol.SessionRouter._onMessage (chrome-devtools://devtools/bundled/shell.js:3345:41)
2월 21, 2019 11:35:05.39     at SDK.MainConnection._dispatchMessage (chrome-devtools://devtools/bundled/shell.js:3475:17)
2월 21, 2019 11:35:05.39     at Common.Object.dispatchEventToListeners (chrome-devtools://devtools/bundled/shell.js:488:23)
2월 21, 2019 11:35:05.39     at innerDispatch (chrome-devtools://devtools/bundled/shell.js:970:98)
2월 21, 2019 11:35:05.39     at Host.InspectorFrontendAPIImpl._dispatch (chrome-devtools://devtools/bundled/shell.js:970:1)
2월 21, 2019 11:35:05.39     at DevToolsAPIImpl._dispatchOnInspectorFrontendAPI (chrome-devtools://devtools/bundled/devtools_compatibility.js:57:36)", source: chrome-devtools://devtools/bundled/shell.js (970)
2월 21, 2019 11:35:25.09 [6696:5344:0221/113525.096:ERROR:CONSOLE(970)] "TypeError: Cannot read property 'pseudoType' of undefined TypeError: Cannot read property 'pseudoType' of undefined
2월 21, 2019 11:35:25.09     at SDK.DOMNode._removeChild (chrome-devtools://devtools/bundled/shell.js:4290:28)
2월 21, 2019 11:35:25.09     at SDK.DOMModel._childNodeRemoved (chrome-devtools://devtools/bundled/shell.js:4409:121)
2월 21, 2019 11:35:25.09     at SDK.DOMDispatcher.childNodeRemoved (chrome-devtools://devtools/bundled/shell.js:4453:54)
2월 21, 2019 11:35:25.10     at Protocol.InspectorBackend._DispatcherPrototype.dispatch (chrome-devtools://devtools/bundled/shell.js:3389:26)
2월 21, 2019 11:35:25.10     at Protocol.SessionRouter._onMessage (chrome-devtools://devtools/bundled/shell.js:3345:41)
2월 21, 2019 11:35:25.10     at SDK.MainConnection._dispatchMessage (chrome-devtools://devtools/bundled/shell.js:3475:17)
2월 21, 2019 11:35:25.10     at Common.Object.dispatchEventToListeners (chrome-devtools://devtools/bundled/shell.js:488:23)
2월 21, 2019 11:35:25.10     at innerDispatch (chrome-devtools://devtools/bundled/shell.js:970:98)
2월 21, 2019 11:35:25.10     at Host.InspectorFrontendAPIImpl._dispatch (chrome-devtools://devtools/bundled/shell.js:970:1)
2월 21, 2019 11:35:25.10     at DevToolsAPIImpl._dispatchOnInspectorFrontendAPI (chrome-devtools://devtools/bundled/devtools_compatibility.js:57:36)", source: chrome-devtools://devtools/bundled/shell.js (970)
2월 21, 2019 11:36:24.60 [6696:5344:0221/113624.605:ERROR:CONSOLE(970)] "TypeError: Cannot read property 'pseudoType' of undefined TypeError: Cannot read property 'pseudoType' of undefined
2월 21, 2019 11:36:24.60     at SDK.DOMNode._removeChild (chrome-devtools://devtools/bundled/shell.js:4290:28)
2월 21, 2019 11:36:24.60     at SDK.DOMModel._childNodeRemoved (chrome-devtools://devtools/bundled/shell.js:4409:121)
2월 21, 2019 11:36:24.60     at SDK.DOMDispatcher.childNodeRemoved (chrome-devtools://devtools/bundled/shell.js:4453:54)
2월 21, 2019 11:36:24.60     at Protocol.InspectorBackend._DispatcherPrototype.dispatch (chrome-devtools://devtools/bundled/shell.js:3389:26)
2월 21, 2019 11:36:24.61     at Protocol.SessionRouter._onMessage (chrome-devtools://devtools/bundled/shell.js:3345:41)
2월 21, 2019 11:36:24.61     at SDK.MainConnection._dispatchMessage (chrome-devtools://devtools/bundled/shell.js:3475:17)
2월 21, 2019 11:36:24.61     at Common.Object.dispatchEventToListeners (chrome-devtools://devtools/bundled/shell.js:488:23)
2월 21, 2019 11:36:24.61     at innerDispatch (chrome-devtools://devtools/bundled/shell.js:970:98)
2월 21, 2019 11:36:24.61     at Host.InspectorFrontendAPIImpl._dispatch (chrome-devtools://devtools/bundled/shell.js:970:1)
2월 21, 2019 11:36:24.61     at DevToolsAPIImpl._dispatchOnInspectorFrontendAPI (chrome-devtools://devtools/bundled/devtools_compatibility.js:57:36)", source: chrome-devtools://devtools/bundled/shell.js (970)
2월 21, 2019 11:36:45.79 [6696:5344:0221/113645.799:ERROR:CONSOLE(970)] "TypeError: Cannot read property 'pseudoType' of undefined TypeError: Cannot read property 'pseudoType' of undefined
2월 21, 2019 11:36:45.80     at SDK.DOMNode._removeChild (chrome-devtools://devtools/bundled/shell.js:4290:28)
2월 21, 2019 11:36:45.80     at SDK.DOMModel._childNodeRemoved (chrome-devtools://devtools/bundled/shell.js:4409:121)
2월 21, 2019 11:36:45.80     at SDK.DOMDispatcher.childNodeRemoved (chrome-devtools://devtools/bundled/shell.js:4453:54)
2월 21, 2019 11:36:45.80     at Protocol.InspectorBackend._DispatcherPrototype.dispatch (chrome-devtools://devtools/bundled/shell.js:3389:26)
2월 21, 2019 11:36:45.80     at Protocol.SessionRouter._onMessage (chrome-devtools://devtools/bundled/shell.js:3345:41)
2월 21, 2019 11:36:45.80     at SDK.MainConnection._dispatchMessage (chrome-devtools://devtools/bundled/shell.js:3475:17)
2월 21, 2019 11:36:45.80     at Common.Object.dispatchEventToListeners (chrome-devtools://devtools/bundled/shell.js:488:23)
2월 21, 2019 11:36:45.80     at innerDispatch (chrome-devtools://devtools/bundled/shell.js:970:98)
2월 21, 2019 11:36:45.80     at Host.InspectorFrontendAPIImpl._dispatch (chrome-devtools://devtools/bundled/shell.js:970:1)
2월 21, 2019 11:36:45.81     at DevToolsAPIImpl._dispatchOnInspectorFrontendAPI (chrome-devtools://devtools/bundled/devtools_compatibility.js:57:36)", source: chrome-devtools://devtools/bundled/shell.js (970)
2월 21, 2019 11:37:26.75 [6696:5344:0221/113726.757:ERROR:CONSOLE(970)] "TypeError: Cannot read property 'pseudoType' of undefined TypeError: Cannot read property 'pseudoType' of undefined
2월 21, 2019 11:37:26.75     at SDK.DOMNode._removeChild (chrome-devtools://devtools/bundled/shell.js:4290:28)
2월 21, 2019 11:37:26.76     at SDK.DOMModel._childNodeRemoved (chrome-devtools://devtools/bundled/shell.js:4409:121)
2월 21, 2019 11:37:26.76     at SDK.DOMDispatcher.childNodeRemoved (chrome-devtools://devtools/bundled/shell.js:4453:54)
2월 21, 2019 11:37:26.76     at Protocol.InspectorBackend._DispatcherPrototype.dispatch (chrome-devtools://devtools/bundled/shell.js:3389:26)
2월 21, 2019 11:37:26.76     at Protocol.SessionRouter._onMessage (chrome-devtools://devtools/bundled/shell.js:3345:41)
2월 21, 2019 11:37:26.76     at SDK.MainConnection._dispatchMessage (chrome-devtools://devtools/bundled/shell.js:3475:17)
2월 21, 2019 11:37:26.76     at Common.Object.dispatchEventToListeners (chrome-devtools://devtools/bundled/shell.js:488:23)
2월 21, 2019 11:37:26.76     at innerDispatch (chrome-devtools://devtools/bundled/shell.js:970:98)
2월 21, 2019 11:37:26.76     at Host.InspectorFrontendAPIImpl._dispatch (chrome-devtools://devtools/bundled/shell.js:970:1)
2월 21, 2019 11:37:26.77     at DevToolsAPIImpl._dispatchOnInspectorFrontendAPI (chrome-devtools://devtools/bundled/devtools_compatibility.js:57:36)", source: chrome-devtools://devtools/bundled/shell.js (970)
2월 21, 2019 11:37:51.72 [6696:5344:0221/113751.724:ERROR:CONSOLE(970)] "TypeError: Cannot read property 'pseudoType' of undefined TypeError: Cannot read property 'pseudoType' of undefined
2월 21, 2019 11:37:51.72     at SDK.DOMNode._removeChild (chrome-devtools://devtools/bundled/shell.js:4290:28)
2월 21, 2019 11:37:51.72     at SDK.DOMModel._childNodeRemoved (chrome-devtools://devtools/bundled/shell.js:4409:121)
2월 21, 2019 11:37:51.72     at SDK.DOMDispatcher.childNodeRemoved (chrome-devtools://devtools/bundled/shell.js:4453:54)
2월 21, 2019 11:37:51.72     at Protocol.InspectorBackend._DispatcherPrototype.dispatch (chrome-devtools://devtools/bundled/shell.js:3389:26)
2월 21, 2019 11:37:51.72     at Protocol.SessionRouter._onMessage (chrome-devtools://devtools/bundled/shell.js:3345:41)
2월 21, 2019 11:37:51.72     at SDK.MainConnection._dispatchMessage (chrome-devtools://devtools/bundled/shell.js:3475:17)
2월 21, 2019 11:37:51.73     at Common.Object.dispatchEventToListeners (chrome-devtools://devtools/bundled/shell.js:488:23)
2월 21, 2019 11:37:51.73     at innerDispatch (chrome-devtools://devtools/bundled/shell.js:970:98)
2월 21, 2019 11:37:51.73     at Host.InspectorFrontendAPIImpl._dispatch (chrome-devtools://devtools/bundled/shell.js:970:1)
2월 21, 2019 11:37:51.73     at DevToolsAPIImpl._dispatchOnInspectorFrontendAPI (chrome-devtools://devtools/bundled/devtools_compatibility.js:57:36)", source: chrome-devtools://devtools/bundled/shell.js (970)
2월 21, 2019 11:37:54.82 [6696:5344:0221/113754.824:ERROR:CONSOLE(970)] "TypeError: Cannot read property 'pseudoType' of undefined TypeError: Cannot read property 'pseudoType' of undefined
2월 21, 2019 11:37:54.82     at SDK.DOMNode._removeChild (chrome-devtools://devtools/bundled/shell.js:4290:28)
2월 21, 2019 11:37:54.82     at SDK.DOMModel._childNodeRemoved (chrome-devtools://devtools/bundled/shell.js:4409:121)
2월 21, 2019 11:37:54.82     at SDK.DOMDispatcher.childNodeRemoved (chrome-devtools://devtools/bundled/shell.js:4453:54)
2월 21, 2019 11:37:54.82     at Protocol.InspectorBackend._DispatcherPrototype.dispatch (chrome-devtools://devtools/bundled/shell.js:3389:26)
2월 21, 2019 11:37:54.82     at Protocol.SessionRouter._onMessage (chrome-devtools://devtools/bundled/shell.js:3345:41)
2월 21, 2019 11:37:54.83     at SDK.MainConnection._dispatchMessage (chrome-devtools://devtools/bundled/shell.js:3475:17)
2월 21, 2019 11:37:54.83     at Common.Object.dispatchEventToListeners (chrome-devtools://devtools/bundled/shell.js:488:23)
2월 21, 2019 11:37:54.83     at innerDispatch (chrome-devtools://devtools/bundled/shell.js:970:98)
2월 21, 2019 11:37:54.83     at Host.InspectorFrontendAPIImpl._dispatch (chrome-devtools://devtools/bundled/shell.js:970:1)
2월 21, 2019 11:37:54.83     at DevToolsAPIImpl._dispatchOnInspectorFrontendAPI (chrome-devtools://devtools/bundled/devtools_compatibility.js:57:36)", source: chrome-devtools://devtools/bundled/shell.js (970)
2월 21, 2019 11:41:57.90 [6696:5344:0221/114157.903:ERROR:textfield.cc(1777)] NOT IMPLEMENTED
2월 21, 2019 11:45:05.35 [6696:2772:0221/114505.350:ERROR:browser_process_sub_thread.cc(209)] Waited 169 ms for network service
2월 21, 2019 12:15:02.16 [3492:1988:0221/121502.161:ERROR:audio_manager_base.cc(363)] Invalid audio output parameters received; using fake audio path: format: 0 channel_layout: 0 channels: 0 sample_rate: 0 frames_per_buffer: 0 effects: 0 mic_positions: 
2월 21, 2019 12:59:20.01 [3492:5564:0221/125920.013:ERROR:browser_process_sub_thread.cc(209)] Waited 190 ms for network service
2월 21, 2019 13:10:44.98 [4456:3372:0221/131044.984:ERROR:browser_process_sub_thread.cc(209)] Waited 122 ms for network service
2월 21, 2019 13:11:34.17 [6980:5996:0221/131134.172:ERROR:browser_process_sub_thread.cc(209)] Waited 159 ms for network service
2월 21, 2019 13:22:05.36 [6696:4460:0221/132205.366:ERROR:browser_process_sub_thread.cc(209)] Waited 78 ms for network service
2월 21, 2019 13:40:53.19 [5424:4912:0221/134053.194:ERROR:browser_process_sub_thread.cc(209)] Waited 103 ms for network service
2월 21, 2019 13:40:57.81 [4512:6064:0221/134057.812:ERROR:browser_process_sub_thread.cc(209)] Waited 79 ms for network service
2월 21, 2019 13:56:29.09 [1272:4596:0221/135629.092:ERROR:browser_process_sub_thread.cc(209)] Waited 126 ms for network service
2월 21, 2019 14:01:12.53 [5608:4416:0221/140112.533:ERROR:browser_process_sub_thread.cc(209)] Waited 193 ms for network service
2월 21, 2019 14:03:09.27 [6444:5960:0221/140309.276:ERROR:browser_process_sub_thread.cc(209)] Waited 59 ms for network service
2월 21, 2019 15:30:09.38 [5368:6204:0221/153009.383:ERROR:CONSOLE(970)] "TypeError: Cannot read property 'pseudoType' of undefined TypeError: Cannot read property 'pseudoType' of undefined
2월 21, 2019 15:30:09.38     at SDK.DOMNode._removeChild (chrome-devtools://devtools/bundled/shell.js:4290:28)
2월 21, 2019 15:30:09.38     at SDK.DOMModel._childNodeRemoved (chrome-devtools://devtools/bundled/shell.js:4409:121)
2월 21, 2019 15:30:09.38     at SDK.DOMDispatcher.childNodeRemoved (chrome-devtools://devtools/bundled/shell.js:4453:54)
2월 21, 2019 15:30:09.38     at Protocol.InspectorBackend._DispatcherPrototype.dispatch (chrome-devtools://devtools/bundled/shell.js:3389:26)
2월 21, 2019 15:30:09.38     at Protocol.SessionRouter._onMessage (chrome-devtools://devtools/bundled/shell.js:3345:41)
2월 21, 2019 15:30:09.38     at SDK.MainConnection._dispatchMessage (chrome-devtools://devtools/bundled/shell.js:3475:17)
2월 21, 2019 15:30:09.39     at Common.Object.dispatchEventToListeners (chrome-devtools://devtools/bundled/shell.js:488:23)
2월 21, 2019 15:30:09.39     at innerDispatch (chrome-devtools://devtools/bundled/shell.js:970:98)
2월 21, 2019 15:30:09.39     at Host.InspectorFrontendAPIImpl._dispatch (chrome-devtools://devtools/bundled/shell.js:970:1)
2월 21, 2019 15:30:09.39     at DevToolsAPIImpl._dispatchOnInspectorFrontendAPI (chrome-devtools://devtools/bundled/devtools_compatibility.js:57:36)", source: chrome-devtools://devtools/bundled/shell.js (970)
2월 21, 2019 15:30:32.94 [5368:6204:0221/153032.941:ERROR:CONSOLE(970)] "TypeError: Cannot read property 'pseudoType' of undefined TypeError: Cannot read property 'pseudoType' of undefined
2월 21, 2019 15:30:32.94     at SDK.DOMNode._removeChild (chrome-devtools://devtools/bundled/shell.js:4290:28)
2월 21, 2019 15:30:32.94     at SDK.DOMModel._childNodeRemoved (chrome-devtools://devtools/bundled/shell.js:4409:121)
2월 21, 2019 15:30:32.94     at SDK.DOMDispatcher.childNodeRemoved (chrome-devtools://devtools/bundled/shell.js:4453:54)
2월 21, 2019 15:30:32.94     at Protocol.InspectorBackend._DispatcherPrototype.dispatch (chrome-devtools://devtools/bundled/shell.js:3389:26)
2월 21, 2019 15:30:32.94     at Protocol.SessionRouter._onMessage (chrome-devtools://devtools/bundled/shell.js:3345:41)
2월 21, 2019 15:30:32.95     at SDK.MainConnection._dispatchMessage (chrome-devtools://devtools/bundled/shell.js:3475:17)
2월 21, 2019 15:30:32.95     at Common.Object.dispatchEventToListeners (chrome-devtools://devtools/bundled/shell.js:488:23)
2월 21, 2019 15:30:32.95     at innerDispatch (chrome-devtools://devtools/bundled/shell.js:970:98)
2월 21, 2019 15:30:32.95     at Host.InspectorFrontendAPIImpl._dispatch (chrome-devtools://devtools/bundled/shell.js:970:1)
2월 21, 2019 15:30:32.95     at DevToolsAPIImpl._dispatchOnInspectorFrontendAPI (chrome-devtools://devtools/bundled/devtools_compatibility.js:57:36)", source: chrome-devtools://devtools/bundled/shell.js (970)
2월 21, 2019 16:05:12.86 [5368:4100:0221/160512.867:ERROR:browser_process_sub_thread.cc(209)] Waited 95 ms for network service
2월 21, 2019 16:06:52.86 [5200:2372:0221/160652.864:ERROR:browser_process_sub_thread.cc(209)] Waited 106 ms for network service
2월 21, 2019 16:07:22.12 [5724:4756:0221/160722.120:ERROR:browser_process_sub_thread.cc(209)] Waited 141 ms for network service

2월 21, 2019 17:18:56.60 NEW SESSION
2월 21, 2019 17:18:56.60 [5484:5764:0221/171856.604:ERROR:browser_process_sub_thread.cc(209)] Waited 80 ms for network service
2월 21, 2019 17:19:26.63 [1224:4448:0221/171926.634:ERROR:browser_process_sub_thread.cc(209)] Waited 63 ms for network service

2월 21, 2019 17:21:54.98 NEW SESSION
2월 21, 2019 17:21:54.98 [5708:1136:0221/172154.978:ERROR:browser_process_sub_thread.cc(209)] Waited 101 ms for network service
2월 21, 2019 17:24:26.80 [6180:4452:0221/172426.805:ERROR:browser_process_sub_thread.cc(209)] Waited 69 ms for network service

2월 21, 2019 17:26:19.35 NEW SESSION
2월 21, 2019 17:26:19.35 [6528:4032:0221/172619.356:ERROR:browser_process_sub_thread.cc(209)] Waited 115 ms for network service

2월 21, 2019 17:38:18.97 NEW SESSION
2월 21, 2019 17:38:18.97 [3992:4876:0221/173818.973:ERROR:browser_process_sub_thread.cc(209)] Waited 32 ms for network service
2월 21, 2019 17:38:36.32 [5972:1916:0221/173836.322:ERROR:browser_process_sub_thread.cc(209)] Waited 81 ms for network service

2월 21, 2019 17:46:08.59 NEW SESSION
2월 21, 2019 17:46:08.59 [5292:2488:0221/174608.592:ERROR:browser_process_sub_thread.cc(209)] Waited 81 ms for network service
2월 21, 2019 17:55:58.69 [5088:5268:0221/175558.694:ERROR:textfield.cc(1777)] NOT IMPLEMENTED
2월 21, 2019 19:44:35.69 [5088:4444:0221/194435.683:ERROR:browser_process_sub_thread.cc(209)] Waited 128 ms for network service
2월 21, 2019 20:01:38.47 [4248:1252:0221/200138.479:ERROR:browser_process_sub_thread.cc(209)] Waited 78 ms for network service
2월 21, 2019 20:06:15.65 [3732:4204:0221/200615.650:ERROR:browser_process_sub_thread.cc(209)] Waited 60 ms for network service
